Logfile initialized
[INFO] logfile = /Users/ljagger/Documents/Titanium_Studio_Workspace/Alfresco/AlfrescoUI/build.log
[INFO] Launching Android emulator...one moment
[DEBUG] /Users/ljagger/Library/Application Support/Titanium/mobilesdk/osx/3.1.1.GA/android/builder.py simulator AlfrescoUI /Users/ljagger/android-sdk-macosx /Users/ljagger/Documents/Titanium_Studio_Workspace/Alfresco/AlfrescoUI com.alfresco.appcelerator.ui 7 WXGA
[DEBUG] From: /Users/ljagger/android-sdk-macosx/tools/emulator
[DEBUG] SDCard: /Users/ljagger/.titanium/android2.sdcard
[DEBUG] AVD ID: 7
[DEBUG] AVD Skin: WXGA
[DEBUG] AVD ABI: armeabi
[DEBUG] SDK: /Users/ljagger/android-sdk-macosx
[INFO] Building AlfrescoUI for Android ... one moment
[INFO] Emulator is running.
[INFO] plugin=/Users/ljagger/Library/Application Support/Titanium/plugins/ti.alloy/1.0/plugin.py
[INFO] Detected compiler plugin: ti.alloy/1.0
[INFO] Titanium SDK version: 3.1.1 (06/15/13 16:09 f7592c1)
[DEBUG] Waiting for device to be ready ...
[TRACE] adb devices returned 1 devices/emulators
[DEBUG] Device connected... (waited 0 seconds)
[DEBUG] waited 0.014363 seconds on emulator to get ready
[DEBUG] com.alfresco.appcelerator.ui installed? True
[INFO] Fastdev server running, deploying in Fastdev mode
[INFO] Copying CommonJS modules...
[INFO] Copying project resources..
[TRACE] COPYING MODIFIED FILE: /Users/ljagger/Documents/Titanium_Studio_Workspace/Alfresco/AlfrescoUI/Resources/alloy/backbone.js => /Users/ljagger/Documents/Titanium_Studio_Workspace/Alfresco/AlfrescoUI/build/android/bin/assets/Resources/alloy/backbone.js
[TRACE] COPYING MODIFIED FILE: /Users/ljagger/Documents/Titanium_Studio_Workspace/Alfresco/AlfrescoUI/Resources/alloy/CFG.js => /Users/ljagger/Documents/Titanium_Studio_Workspace/Alfresco/AlfrescoUI/build/android/bin/assets/Resources/alloy/CFG.js
[TRACE] COPYING MODIFIED FILE: /Users/ljagger/Documents/Titanium_Studio_Workspace/Alfresco/AlfrescoUI/Resources/alloy/controllers/BaseController.js => /Users/ljagger/Documents/Titanium_Studio_Workspace/Alfresco/AlfrescoUI/build/android/bin/assets/Resources/alloy/controllers/BaseController.js
[TRACE] COPYING MODIFIED FILE: /Users/ljagger/Documents/Titanium_Studio_Workspace/Alfresco/AlfrescoUI/Resources/alloy/controllers/index.js => /Users/ljagger/Documents/Titanium_Studio_Workspace/Alfresco/AlfrescoUI/build/android/bin/assets/Resources/alloy/controllers/index.js
[TRACE] COPYING MODIFIED FILE: /Users/ljagger/Documents/Titanium_Studio_Workspace/Alfresco/AlfrescoUI/Resources/alloy/sync/localStorage.js => /Users/ljagger/Documents/Titanium_Studio_Workspace/Alfresco/AlfrescoUI/build/android/bin/assets/Resources/alloy/sync/localStorage.js
[TRACE] COPYING MODIFIED FILE: /Users/ljagger/Documents/Titanium_Studio_Workspace/Alfresco/AlfrescoUI/Resources/alloy/sync/properties.js => /Users/ljagger/Documents/Titanium_Studio_Workspace/Alfresco/AlfrescoUI/build/android/bin/assets/Resources/alloy/sync/properties.js
[TRACE] COPYING MODIFIED FILE: /Users/ljagger/Documents/Titanium_Studio_Workspace/Alfresco/AlfrescoUI/Resources/alloy/sync/sql.js => /Users/ljagger/Documents/Titanium_Studio_Workspace/Alfresco/AlfrescoUI/build/android/bin/assets/Resources/alloy/sync/sql.js
[TRACE] COPYING MODIFIED FILE: /Users/ljagger/Documents/Titanium_Studio_Workspace/Alfresco/AlfrescoUI/Resources/alloy/sync/util.js => /Users/ljagger/Documents/Titanium_Studio_Workspace/Alfresco/AlfrescoUI/build/android/bin/assets/Resources/alloy/sync/util.js
[TRACE] COPYING MODIFIED FILE: /Users/ljagger/Documents/Titanium_Studio_Workspace/Alfresco/AlfrescoUI/Resources/alloy/underscore.js => /Users/ljagger/Documents/Titanium_Studio_Workspace/Alfresco/AlfrescoUI/build/android/bin/assets/Resources/alloy/underscore.js
[TRACE] COPYING MODIFIED FILE: /Users/ljagger/Documents/Titanium_Studio_Workspace/Alfresco/AlfrescoUI/Resources/alloy/widget.js => /Users/ljagger/Documents/Titanium_Studio_Workspace/Alfresco/AlfrescoUI/build/android/bin/assets/Resources/alloy/widget.js
[TRACE] COPYING MODIFIED FILE: /Users/ljagger/Documents/Titanium_Studio_Workspace/Alfresco/AlfrescoUI/Resources/alloy.js => /Users/ljagger/Documents/Titanium_Studio_Workspace/Alfresco/AlfrescoUI/build/android/bin/assets/Resources/alloy.js
[TRACE] COPYING MODIFIED FILE: /Users/ljagger/Documents/Titanium_Studio_Workspace/Alfresco/AlfrescoUI/Resources/app.js => /Users/ljagger/Documents/Titanium_Studio_Workspace/Alfresco/AlfrescoUI/build/android/bin/assets/Resources/app.js
[DEBUG] LiveView not enabled
[INFO] Tiapp.xml unchanged, skipping class generation
[DEBUG] Processing Android resource drawables
[DEBUG] found drawable-long-land-hdpi splash screen at /Users/ljagger/Documents/Titanium_Studio_Workspace/Alfresco/AlfrescoUI/Resources/android/images/res-long-land-hdpi/default.png
[DEBUG] found drawable-long-land-ldpi splash screen at /Users/ljagger/Documents/Titanium_Studio_Workspace/Alfresco/AlfrescoUI/Resources/android/images/res-long-land-ldpi/default.png
[DEBUG] found drawable-long-port-hdpi splash screen at /Users/ljagger/Documents/Titanium_Studio_Workspace/Alfresco/AlfrescoUI/Resources/android/images/res-long-port-hdpi/default.png
[DEBUG] found drawable-long-port-ldpi splash screen at /Users/ljagger/Documents/Titanium_Studio_Workspace/Alfresco/AlfrescoUI/Resources/android/images/res-long-port-ldpi/default.png
[DEBUG] found drawable-notlong-land-hdpi splash screen at /Users/ljagger/Documents/Titanium_Studio_Workspace/Alfresco/AlfrescoUI/Resources/android/images/res-notlong-land-hdpi/default.png
[DEBUG] found drawable-notlong-land-ldpi splash screen at /Users/ljagger/Documents/Titanium_Studio_Workspace/Alfresco/AlfrescoUI/Resources/android/images/res-notlong-land-ldpi/default.png
[DEBUG] found drawable-notlong-land-mdpi splash screen at /Users/ljagger/Documents/Titanium_Studio_Workspace/Alfresco/AlfrescoUI/Resources/android/images/res-notlong-land-mdpi/default.png
[DEBUG] found drawable-notlong-port-hdpi splash screen at /Users/ljagger/Documents/Titanium_Studio_Workspace/Alfresco/AlfrescoUI/Resources/android/images/res-notlong-port-hdpi/default.png
[DEBUG] found drawable-notlong-port-ldpi splash screen at /Users/ljagger/Documents/Titanium_Studio_Workspace/Alfresco/AlfrescoUI/Resources/android/images/res-notlong-port-ldpi/default.png
[DEBUG] found drawable-notlong-port-mdpi splash screen at /Users/ljagger/Documents/Titanium_Studio_Workspace/Alfresco/AlfrescoUI/Resources/android/images/res-notlong-port-mdpi/default.png
[INFO] Re-launching application ... AlfrescoUI
[INFO] Launching application ... AlfrescoUI
[TRACE] Launch output: Starting: Intent { act=android.intent.action.MAIN cat=[android.intent.category.LAUNCHER] flg=0x10200000 cmp=com.alfresco.appcelerator.ui/.AlfrescouiActivity }

